FILE_TYPE=LIBRARY_PARTS;
PRIMITIVE 'AQ3045_01ETG','AQ3045_01ETG_Other';
  PIN
    '1':
      PIN_NUMBER='(1)';
      NO_LOAD_CHECK=BOTH;
      NO_IO_CHECK=BOTH;
      ALLOW_CONNECT=TRUE;
      PINUSE='UNSPEC';
    '2':
      PIN_NUMBER='(2)';
      NO_LOAD_CHECK=BOTH;
      NO_IO_CHECK=BOTH;
      ALLOW_CONNECT=TRUE;
      PINUSE='UNSPEC';
  END_PIN;
  BODY
    PART_NAME='AQ3045_01ETG';
    PHYS_DES_PREFIX='D';
    NO_LOAD_CHECK='TRUE';
    PIN_COUNT='2';
    BODY_NAME='AQ3045_01ETG';
    JEDEC_TYPE='AQ304501ETG';
  END_BODY;
END_PRIMITIVE;
END.
